Compiling the CXX compiler identification source file "CMakeCXXCompilerId.cpp" failed.
Compiler: /home/conda/anaconda3/bin/g++ 
Build flags: 
Id flags:  

The output was:
No such file or directory


Compiling the CXX compiler identification source file "CMakeCXXCompilerId.cpp" failed.
Compiler: /home/conda/anaconda3/bin/g++ 
Build flags: 
Id flags: -c 

The output was:
No such file or directory


Compiling the CXX compiler identification source file "CMakeCXXCompilerId.cpp" failed.
Compiler: /home/conda/anaconda3/bin/g++ 
Build flags: 
Id flags: --c++ 

The output was:
No such file or directory


Compiling the CXX compiler identification source file "CMakeCXXCompilerId.cpp" failed.
Compiler: /home/conda/anaconda3/bin/g++ 
Build flags: 
Id flags: --ec++ 

The output was:
No such file or directory


Compiling the CXX compiler identification source file "CMakeCXXCompilerId.cpp" failed.
Compiler: /home/conda/anaconda3/bin/g++ 
Build flags: 
Id flags: --target=arm-arm-none-eabi;-mcpu=cortex-m3 

The output was:
No such file or directory


Compiling the CXX compiler identification source file "CMakeCXXCompilerId.cpp" failed.
Compiler: /home/conda/anaconda3/bin/g++ 
Build flags: 
Id flags:  

The output was:
No such file or directory


Compiling the CXX compiler identification source file "CMakeCXXCompilerId.cpp" failed.
Compiler: /home/conda/anaconda3/bin/g++ 
Build flags: 
Id flags: -c 

The output was:
No such file or directory


Compiling the CXX compiler identification source file "CMakeCXXCompilerId.cpp" failed.
Compiler: /home/conda/anaconda3/bin/g++ 
Build flags: 
Id flags: --c++ 

The output was:
No such file or directory


Compiling the CXX compiler identification source file "CMakeCXXCompilerId.cpp" failed.
Compiler: /home/conda/anaconda3/bin/g++ 
Build flags: 
Id flags: --ec++ 

The output was:
No such file or directory


Compiling the CXX compiler identification source file "CMakeCXXCompilerId.cpp" failed.
Compiler: /home/conda/anaconda3/bin/g++ 
Build flags: 
Id flags: --target=arm-arm-none-eabi;-mcpu=cortex-m3 

The output was:
No such file or directory


Checking whether the CXX compiler is IAR using "" did not match "IAR .+ Compiler":
Checking whether the CXX compiler is IAR using "" did not match "IAR .+ Compiler":
Performing C++ SOURCE FILE Test CPP20_FLAG_BUILTIN failed with the following output:
Change Dir: /mnt/c/Users/sinnh/Dropbox/Fastq2Sam/build/CMakeFiles/CMakeTmp

Run Build Command(s):/opt/rh/devtoolset-8/root/usr/bin/gmake cmTC_3182b/fast && /opt/rh/devtoolset-8/root/usr/bin/gmake  -f CMakeFiles/cmTC_3182b.dir/build.make CMakeFiles/cmTC_3182b.dir/build
gmake[1]: Entering directory '/mnt/c/Users/sinnh/Dropbox/Fastq2Sam/build/CMakeFiles/CMakeTmp'
Building CXX object CMakeFiles/cmTC_3182b.dir/src.cxx.o
/home/conda/anaconda3/envs/gxx13/bin/g++   -I/mnt/c/Users/sinnh/Dropbox/Fastq2Sam/seqan3/include -I/mnt/c/Users/sinnh/Dropbox/Fastq2Sam/seqan3/submodules/sdsl-lite/include -I/mnt/c/Users/sinnh/Dropbox/Fastq2Sam/seqan3/submodules/cereal/include  -DCPP20_FLAG_BUILTIN   -o CMakeFiles/cmTC_3182b.dir/src.cxx.o -c /mnt/c/Users/sinnh/Dropbox/Fastq2Sam/build/CMakeFiles/CMakeTmp/src.cxx
/mnt/c/Users/sinnh/Dropbox/Fastq2Sam/build/CMakeFiles/CMakeTmp/src.cxx:2:8: error: #error NOCXX20
    2 |       #error NOCXX20
      |        ^~~~~
gmake[1]: *** [CMakeFiles/cmTC_3182b.dir/build.make:86: CMakeFiles/cmTC_3182b.dir/src.cxx.o] Error 1
gmake[1]: Leaving directory '/mnt/c/Users/sinnh/Dropbox/Fastq2Sam/build/CMakeFiles/CMakeTmp'
gmake: *** [Makefile:141: cmTC_3182b/fast] Error 2


Source file was:
#if !defined (__cplusplus) || (__cplusplus < 201709)
      #error NOCXX20
      #endif
      int main() {}
Performing C++ SOURCE FILE Test CMAKE_HAVE_LIBC_PTHREAD failed with the following output:
Change Dir: /mnt/c/Users/sinnh/Dropbox/Fastq2Sam/build/CMakeFiles/CMakeTmp

Run Build Command(s):/opt/rh/devtoolset-8/root/usr/bin/gmake cmTC_9c0d6/fast && /opt/rh/devtoolset-8/root/usr/bin/gmake  -f CMakeFiles/cmTC_9c0d6.dir/build.make CMakeFiles/cmTC_9c0d6.dir/build
gmake[1]: Entering directory '/mnt/c/Users/sinnh/Dropbox/Fastq2Sam/build/CMakeFiles/CMakeTmp'
Building CXX object CMakeFiles/cmTC_9c0d6.dir/src.cxx.o
/home/conda/anaconda3/envs/gxx13/bin/g++   -I/mnt/c/Users/sinnh/Dropbox/Fastq2Sam/seqan3/include -I/mnt/c/Users/sinnh/Dropbox/Fastq2Sam/seqan3/submodules/sdsl-lite/include -I/mnt/c/Users/sinnh/Dropbox/Fastq2Sam/seqan3/submodules/cereal/include  -DCMAKE_HAVE_LIBC_PTHREAD   -o CMakeFiles/cmTC_9c0d6.dir/src.cxx.o -c /mnt/c/Users/sinnh/Dropbox/Fastq2Sam/build/CMakeFiles/CMakeTmp/src.cxx
Linking CXX executable cmTC_9c0d6
/usr/bin/cmake3 -E cmake_link_script CMakeFiles/cmTC_9c0d6.dir/link.txt --verbose=1
/home/conda/anaconda3/envs/gxx13/bin/g++   -DCMAKE_HAVE_LIBC_PTHREAD    CMakeFiles/cmTC_9c0d6.dir/src.cxx.o  -o cmTC_9c0d6 
/home/conda/anaconda3/envs/gxx13/bin/../lib/gcc/x86_64-conda-linux-gnu/13.1.0/../../../../x86_64-conda-linux-gnu/bin/ld: CMakeFiles/cmTC_9c0d6.dir/src.cxx.o: in function `main':
src.cxx:(.text+0x2f): undefined reference to `pthread_create'
/home/conda/anaconda3/envs/gxx13/bin/../lib/gcc/x86_64-conda-linux-gnu/13.1.0/../../../../x86_64-conda-linux-gnu/bin/ld: src.cxx:(.text+0x3b): undefined reference to `pthread_detach'
/home/conda/anaconda3/envs/gxx13/bin/../lib/gcc/x86_64-conda-linux-gnu/13.1.0/../../../../x86_64-conda-linux-gnu/bin/ld: src.cxx:(.text+0x47): undefined reference to `pthread_cancel'
/home/conda/anaconda3/envs/gxx13/bin/../lib/gcc/x86_64-conda-linux-gnu/13.1.0/../../../../x86_64-conda-linux-gnu/bin/ld: src.cxx:(.text+0x58): undefined reference to `pthread_join'
/home/conda/anaconda3/envs/gxx13/bin/../lib/gcc/x86_64-conda-linux-gnu/13.1.0/../../../../x86_64-conda-linux-gnu/bin/ld: src.cxx:(.text+0x6c): undefined reference to `pthread_atfork'
collect2: error: ld returned 1 exit status
gmake[1]: *** [CMakeFiles/cmTC_9c0d6.dir/build.make:107: cmTC_9c0d6] Error 1
gmake[1]: Leaving directory '/mnt/c/Users/sinnh/Dropbox/Fastq2Sam/build/CMakeFiles/CMakeTmp'
gmake: *** [Makefile:141: cmTC_9c0d6/fast] Error 2


Source file was:
#include <pthread.h>

void* test_func(void* data)
{
  return data;
}

int main(void)
{
  pthread_t thread;
  pthread_create(&thread, NULL, test_func, NULL);
  pthread_detach(thread);
  pthread_cancel(thread);
  pthread_join(thread, NULL);
  pthread_atfork(NULL, NULL, NULL);
  pthread_exit(NULL);

  return 0;
}

Performing C++ SOURCE FILE Test CXX20_BUILTIN failed with the following output:
Change Dir: /mnt/c/Users/sinnh/Dropbox/Fastq2Sam/build/CMakeFiles/CMakeTmp

Run Build Command(s):/opt/rh/devtoolset-8/root/usr/bin/gmake cmTC_e4404/fast && /opt/rh/devtoolset-8/root/usr/bin/gmake  -f CMakeFiles/cmTC_e4404.dir/build.make CMakeFiles/cmTC_e4404.dir/build
gmake[1]: Entering directory '/mnt/c/Users/sinnh/Dropbox/Fastq2Sam/build/CMakeFiles/CMakeTmp'
Building CXX object CMakeFiles/cmTC_e4404.dir/src.cxx.o
/home/conda/anaconda3/envs/gxx13/bin/g++   -I/mnt/c/Users/sinnh/Dropbox/Fastq2Sam/sharg-parser/include  -DCXX20_BUILTIN   -o CMakeFiles/cmTC_e4404.dir/src.cxx.o -c /mnt/c/Users/sinnh/Dropbox/Fastq2Sam/build/CMakeFiles/CMakeTmp/src.cxx
/mnt/c/Users/sinnh/Dropbox/Fastq2Sam/build/CMakeFiles/CMakeTmp/src.cxx:2:6: error: #error NOCXX20
    2 |     #error NOCXX20
      |      ^~~~~
gmake[1]: *** [CMakeFiles/cmTC_e4404.dir/build.make:86: CMakeFiles/cmTC_e4404.dir/src.cxx.o] Error 1
gmake[1]: Leaving directory '/mnt/c/Users/sinnh/Dropbox/Fastq2Sam/build/CMakeFiles/CMakeTmp'
gmake: *** [Makefile:141: cmTC_e4404/fast] Error 2


Source file was:
#if !defined (__cplusplus) || (__cplusplus < 201709L)
    #error NOCXX20
    #endif
    int main() {}
